<?xml version="1.0" encoding="UTF-8" ?>
<testsuite tests="5" failures="0" name="ecommerce.Controllers.ProductsControllerTest" time="0.267" errors="0" skipped="0">
  <properties>
[...]
</properties>
  <testcase classname="ecommerce.Controllers.ProductsControllerTest" name="getAllProducts" time="0.17"/>
  <testcase classname="ecommerce.Controllers.ProductsControllerTest" name="getAllProductsButEmpty" time="0.011"/>
  <testcase classname="ecommerce.Controllers.ProductsControllerTest" name="getLanding" time="0.014"/>
  <testcase classname="ecommerce.Controllers.ProductsControllerTest" name="getProduct1" time="0.027"/>
  <testcase classname="ecommerce.Controllers.ProductsControllerTest" name="createProduct" time="0.045"/>
</testsuite>