<?xml version="1.0" encoding="UTF-8"?>
<testng-results ignored="0" total="0" passed="0" failed="0" skipped="0">
  <reporter-output>
  </reporter-output>
  <suite started-at="2023-12-20T22:10:48 WET" name="ecommerce.AppTest" finished-at="2023-12-20T22:10:48 WET" duration-ms="15">
    <groups>
    </groups>
    <test started-at="2023-12-20T22:10:48 WET" name="Command line test" finished-at="2023-12-20T22:10:48 WET" duration-ms="15">
    </test> <!-- Command line test -->
  </suite> <!-- ecommerce.AppTest -->
</testng-results>
